<?xml version="1.0" encoding="UTF-8"?>
<!-- Generated by org.testng.reporters.JUnitXMLReporter -->
<testsuite hostname="Abdou-PC" ignored="0" name="Test" tests="4" failures="1" timestamp="05 Feb 2021 14:10:58 GMT" time="133.697" errors="0">
  <testcase name="test1" time="5.266" classname="test.Test1">
    <failure type="java.lang.AssertionError" message="the title contains not Test0 expected [true] but found [false]">
      <![CDATA[java.lang.AssertionError: the title contains not Test0 expected [true] but found [false]
at test.Test1.test1(Test1.java:18)
... Removed 28 stack frames]]>
    </failure>
  </testcase> <!-- test1 -->
  <testcase name="test2" time="2.545" classname="test.Test1"/>
  <testcase name="test3" time="3.271" classname="test.Test1">
    <skipped/>
  </testcase> <!-- test3 -->
  <testcase name="test4" time="8.349" classname="test.Test1"/>
</testsuite> <!-- Test -->
